0 info it worked if it ends with ok
1 verbose cli [ 'c:\\Program Files\\nodejs\\node.exe',
1 verbose cli   'c:\\Program Files\\nodejs\\node_modules\\npm\\bin\\npm-cli.js',
1 verbose cli   'run',
1 verbose cli   'build' ]
2 info using npm@1.4.28
3 info using node@v0.10.36
4 verbose run-script [ 'prebuild', 'build', 'postbuild' ]
5 info prebuild seed-hot-loading@1.0.0
6 info build seed-hot-loading@1.0.0
7 verbose unsafe-perm in lifecycle true
8 info seed-hot-loading@1.0.0 Failed to exec build script
9 error seed-hot-loading@1.0.0 build: `grunt build && npm run browserify && grunt server`
9 error Exit status 3
10 error Failed at the seed-hot-loading@1.0.0 build script.
10 error This is most likely a problem with the seed-hot-loading package,
10 error not with npm itself.
10 error Tell the author that this fails on your system:
10 error     grunt build && npm run browserify && grunt server
10 error You can get their info via:
10 error     npm owner ls seed-hot-loading
10 error There is likely additional logging output above.
11 error System Windows_NT 6.1.7601
12 error command "c:\\Program Files\\nodejs\\node.exe" "c:\\Program Files\\nodejs\\node_modules\\npm\\bin\\npm-cli.js" "run" "build"
13 error cwd p:\Google Drive\repos\seed-hot-loading
14 error node -v v0.10.36
15 error npm -v 1.4.28
16 error code ELIFECYCLE
17 verbose exit [ 1, true ]
